# JRE version: OpenJDK Runtime Environment Microsoft-8035246 (17.0.8+7) (build 17.0.8+7-LTS)
# Java VM: OpenJDK 64-Bit Server VM Microsoft-8035246 (17.0.8+7-LTS, mixed mode, sharing, tiered, compressed oops, compressed class ptrs, g1 gc, windows-amd64)
GC Precious Log:
 CPUs: 16 total, 16 available
 Memory: 16052M
 Large Page Support: Disabled
 NUMA Support: Disabled
 Compressed Oops: Enabled (32-bit)
 Heap Region Size: 1M
 Heap Min Capacity: 8M
 Heap Initial Capacity: 252M
 Heap Max Capacity: 2G
 Pre-touch: Disabled
 Parallel Workers: 13
 Concurrent Workers: 3
 Concurrent Refinement Workers: 13
 Periodic GC: Disabled
Heap:
 garbage-first heap   total 248832K, used 198782K [0x0000000080000000, 0x0000000100000000)
  region size 1024K, 13 young (13312K), 3 survivors (3072K)
 Metaspace       used 104050K, committed 105152K, reserved 557056K
  class space    used 14340K, committed 14848K, reserved 425984K
GC Heap History (20 events):
Event: 25.127 GC heap before
{Heap before GC invocations=50 (full 0):
 garbage-first heap   total 248832K, used 200197K [0x0000000080000000, 0x0000000100000000)
  region size 1024K, 46 young (47104K), 3 survivors (3072K)
 Metaspace       used 98453K, committed 99520K, reserved 557056K
  class space    used 13709K, committed 14208K, reserved 425984K
}
Event: 25.133 GC heap after
{Heap after GC invocations=51 (full 0):
 garbage-first heap   total 248832K, used 159717K [0x0000000080000000, 0x0000000100000000)
  region size 1024K, 6 young (6144K), 6 survivors (6144K)
 Metaspace       used 98453K, committed 99520K, reserved 557056K
  class space    used 13709K, committed 14208K, reserved 425984K
}
Event: 26.006 GC heap before
{Heap before GC invocations=51 (full 0):
 garbage-first heap   total 248832K, used 202725K [0x0000000080000000, 0x0000000100000000)
  region size 1024K, 48 young (49152K), 6 survivors (6144K)
 Metaspace       used 99855K, committed 100928K, reserved 557056K
  class space    used 13864K, committed 14336K, reserved 425984K
}
Event: 26.012 GC heap after
{Heap after GC invocations=52 (full 0):
 garbage-first heap   total 248832K, used 164892K [0x0000000080000000, 0x0000000100000000)
  region size 1024K, 6 young (6144K), 6 survivors (6144K)
 Metaspace       used 99855K, committed 100928K, reserved 557056K
  class space    used 13864K, committed 14336K, reserved 425984K
}
Event: 26.591 GC heap before
{Heap before GC invocations=52 (full 0):
 garbage-first heap   total 248832K, used 204828K [0x0000000080000000, 0x0000000100000000)
  region size 1024K, 45 young (46080K), 6 survivors (6144K)
 Metaspace       used 100034K, committed 101120K, reserved 557056K
  class space    used 13865K, committed 14336K, reserved 425984K
}
Event: 26.596 GC heap after
{Heap after GC invocations=53 (full 0):
 garbage-first heap   total 248832K, used 168907K [0x0000000080000000, 0x0000000100000000)
  region size 1024K, 4 young (4096K), 4 survivors (4096K)
 Metaspace       used 100034K, committed 101120K, reserved 557056K
  class space    used 13865K, committed 14336K, reserved 425984K
}
Event: 27.204 GC heap before
{Heap before GC invocations=53 (full 0):
 garbage-first heap   total 248832K, used 205771K [0x0000000080000000, 0x0000000100000000)
  region size 1024K, 41 young (41984K), 4 survivors (4096K)
 Metaspace       used 100620K, committed 101696K, reserved 557056K
  class space    used 13931K, committed 14400K, reserved 425984K
}
Event: 27.210 GC heap after
{Heap after GC invocations=54 (full 0):
 garbage-first heap   total 248832K, used 174882K [0x0000000080000000, 0x0000000100000000)
  region size 1024K, 6 young (6144K), 6 survivors (6144K)
 Metaspace       used 100620K, committed 101696K, reserved 557056K
  class space    used 13931K, committed 14400K, reserved 425984K
}
Event: 28.002 GC heap before
{Heap before GC invocations=54 (full 0):
 garbage-first heap   total 248832K, used 211746K [0x0000000080000000, 0x0000000100000000)
  region size 1024K, 38 young (38912K), 6 survivors (6144K)
 Metaspace       used 103043K, committed 104128K, reserved 557056K
  class space    used 14233K, committed 14720K, reserved 425984K
}
Event: 28.010 GC heap after
{Heap after GC invocations=55 (full 0):
 garbage-first heap   total 248832K, used 178842K [0x0000000080000000, 0x0000000100000000)
  region size 1024K, 5 young (5120K), 5 survivors (5120K)
 Metaspace       used 103043K, committed 104128K, reserved 557056K
  class space    used 14233K, committed 14720K, reserved 425984K
}
Event: 28.292 GC heap before
{Heap before GC invocations=55 (full 0):
 garbage-first heap   total 248832K, used 207514K [0x0000000080000000, 0x0000000100000000)
  region size 1024K, 34 young (34816K), 5 survivors (5120K)
 Metaspace       used 103300K, committed 104384K, reserved 557056K
  class space    used 14241K, committed 14720K, reserved 425984K
}
Event: 28.296 GC heap after
{Heap after GC invocations=56 (full 0):
 garbage-first heap   total 248832K, used 181022K [0x0000000080000000, 0x0000000100000000)
  region size 1024K, 2 young (2048K), 2 survivors (2048K)
 Metaspace       used 103300K, committed 104384K, reserved 557056K
  class space    used 14241K, committed 14720K, reserved 425984K
}
Event: 28.630 GC heap before
{Heap before GC invocations=56 (full 0):
 garbage-first heap   total 248832K, used 209694K [0x0000000080000000, 0x0000000100000000)
  region size 1024K, 31 young (31744K), 2 survivors (2048K)
 Metaspace       used 103881K, committed 105024K, reserved 557056K
  class space    used 14339K, committed 14848K, reserved 425984K
}
Event: 28.634 GC heap after
{Heap after GC invocations=57 (full 0):
 garbage-first heap   total 248832K, used 184596K [0x0000000080000000, 0x0000000100000000)
  region size 1024K, 4 young (4096K), 4 survivors (4096K)
 Metaspace       used 103881K, committed 105024K, reserved 557056K
  class space    used 14339K, committed 14848K, reserved 425984K
}
Event: 28.711 GC heap before
{Heap before GC invocations=57 (full 0):
 garbage-first heap   total 248832K, used 210196K [0x0000000080000000, 0x0000000100000000)
  region size 1024K, 30 young (30720K), 4 survivors (4096K)
 Metaspace       used 104031K, committed 105152K, reserved 557056K
  class space    used 14340K, committed 14848K, reserved 425984K
}
Event: 28.715 GC heap after
{Heap after GC invocations=58 (full 0):
 garbage-first heap   total 248832K, used 187125K [0x0000000080000000, 0x0000000100000000)
  region size 1024K, 3 young (3072K), 3 survivors (3072K)
 Metaspace       used 104031K, committed 105152K, reserved 557056K
  class space    used 14340K, committed 14848K, reserved 425984K
}
Event: 28.778 GC heap before
{Heap before GC invocations=58 (full 0):
 garbage-first heap   total 248832K, used 211701K [0x0000000080000000, 0x0000000100000000)
  region size 1024K, 28 young (28672K), 3 survivors (3072K)
 Metaspace       used 104032K, committed 105152K, reserved 557056K
  class space    used 14340K, committed 14848K, reserved 425984K
}
Event: 28.781 GC heap after
{Heap after GC invocations=59 (full 0):
 garbage-first heap   total 248832K, used 188574K [0x0000000080000000, 0x0000000100000000)
  region size 1024K, 2 young (2048K), 2 survivors (2048K)
 Metaspace       used 104032K, committed 105152K, reserved 557056K
  class space    used 14340K, committed 14848K, reserved 425984K
}
Event: 28.967 GC heap before
{Heap before GC invocations=59 (full 0):
 garbage-first heap   total 248832K, used 213150K [0x0000000080000000, 0x0000000100000000)
  region size 1024K, 27 young (27648K), 2 survivors (2048K)
 Metaspace       used 104033K, committed 105152K, reserved 557056K
  class space    used 14340K, committed 14848K, reserved 425984K
}
Event: 28.970 GC heap after
{Heap after GC invocations=60 (full 0):
 garbage-first heap   total 248832K, used 189566K [0x0000000080000000, 0x0000000100000000)
  region size 1024K, 3 young (3072K), 3 survivors (3072K)
 Metaspace       used 104033K, committed 105152K, reserved 557056K
  class space    used 14340K, committed 14848K, reserved 425984K
}

