# JRE version: OpenJDK Runtime Environment Microsoft-8035246 (17.0.8+7) (build 17.0.8+7-LTS)
# Java VM: OpenJDK 64-Bit Server VM Microsoft-8035246 (17.0.8+7-LTS, mixed mode, sharing, tiered, compressed oops, compressed class ptrs, g1 gc, windows-amd64)
GC Precious Log:
 CPUs: 8 total, 8 available
 Memory: 7975M
 Large Page Support: Disabled
 NUMA Support: Disabled
 Compressed Oops: Enabled (32-bit)
 Heap Region Size: 1M
 Heap Min Capacity: 8M
 Heap Initial Capacity: 126M
 Heap Max Capacity: 2G
 Pre-touch: Disabled
 Parallel Workers: 8
 Concurrent Workers: 2
 Concurrent Refinement Workers: 8
 Periodic GC: Disabled
Heap:
 garbage-first heap   total 358400K, used 237857K [0x0000000080000000, 0x0000000100000000)
  region size 1024K, 61 young (62464K), 1 survivors (1024K)
 Metaspace       used 98727K, committed 99712K, reserved 557056K
  class space    used 13791K, committed 14272K, reserved 425984K
GC Heap History (20 events):
Event: 29.302 GC heap before
{Heap before GC invocations=47 (full 0):
 garbage-first heap   total 180224K, used 137069K [0x0000000080000000, 0x0000000100000000)
  region size 1024K, 52 young (53248K), 3 survivors (3072K)
 Metaspace       used 77452K, committed 78144K, reserved 557056K
  class space    used 10802K, committed 11136K, reserved 425984K
}
Event: 29.326 GC heap after
{Heap after GC invocations=48 (full 0):
 garbage-first heap   total 180224K, used 91019K [0x0000000080000000, 0x0000000100000000)
  region size 1024K, 7 young (7168K), 7 survivors (7168K)
 Metaspace       used 77452K, committed 78144K, reserved 557056K
  class space    used 10802K, committed 11136K, reserved 425984K
}
Event: 29.348 GC heap before
{Heap before GC invocations=48 (full 0):
 garbage-first heap   total 180224K, used 92043K [0x0000000080000000, 0x0000000100000000)
  region size 1024K, 8 young (8192K), 7 survivors (7168K)
 Metaspace       used 77513K, committed 78208K, reserved 557056K
  class space    used 10812K, committed 11136K, reserved 425984K
}
Event: 29.367 GC heap after
{Heap after GC invocations=49 (full 0):
 garbage-first heap   total 180224K, used 91311K [0x0000000080000000, 0x0000000100000000)
  region size 1024K, 1 young (1024K), 1 survivors (1024K)
 Metaspace       used 77513K, committed 78208K, reserved 557056K
  class space    used 10812K, committed 11136K, reserved 425984K
}
Event: 30.058 GC heap before
{Heap before GC invocations=49 (full 0):
 garbage-first heap   total 180224K, used 121007K [0x0000000080000000, 0x0000000100000000)
  region size 1024K, 31 young (31744K), 1 survivors (1024K)
 Metaspace       used 79539K, committed 80320K, reserved 557056K
  class space    used 11096K, committed 11456K, reserved 425984K
}
Event: 30.066 GC heap after
{Heap after GC invocations=50 (full 0):
 garbage-first heap   total 407552K, used 91844K [0x0000000080000000, 0x0000000100000000)
  region size 1024K, 2 young (2048K), 2 survivors (2048K)
 Metaspace       used 79539K, committed 80320K, reserved 557056K
  class space    used 11096K, committed 11456K, reserved 425984K
}
Event: 33.628 GC heap before
{Heap before GC invocations=50 (full 0):
 garbage-first heap   total 407552K, used 211652K [0x0000000080000000, 0x0000000100000000)
  region size 1024K, 119 young (121856K), 2 survivors (2048K)
 Metaspace       used 85961K, committed 86784K, reserved 557056K
  class space    used 12092K, committed 12480K, reserved 425984K
}
Event: 33.648 GC heap after
{Heap after GC invocations=51 (full 0):
 garbage-first heap   total 407552K, used 98943K [0x0000000080000000, 0x0000000100000000)
  region size 1024K, 9 young (9216K), 9 survivors (9216K)
 Metaspace       used 85961K, committed 86784K, reserved 557056K
  class space    used 12092K, committed 12480K, reserved 425984K
}
Event: 39.804 GC heap before
{Heap before GC invocations=52 (full 0):
 garbage-first heap   total 358400K, used 311935K [0x0000000080000000, 0x0000000100000000)
  region size 1024K, 210 young (215040K), 9 survivors (9216K)
 Metaspace       used 95089K, committed 96000K, reserved 557056K
  class space    used 13351K, committed 13760K, reserved 425984K
}
Event: 40.024 GC heap after
{Heap after GC invocations=53 (full 0):
 garbage-first heap   total 358400K, used 137283K [0x0000000080000000, 0x0000000100000000)
  region size 1024K, 27 young (27648K), 27 survivors (27648K)
 Metaspace       used 95089K, committed 96000K, reserved 557056K
  class space    used 13351K, committed 13760K, reserved 425984K
}
Event: 40.078 GC heap before
{Heap before GC invocations=53 (full 0):
 garbage-first heap   total 358400K, used 138307K [0x0000000080000000, 0x0000000100000000)
  region size 1024K, 28 young (28672K), 27 survivors (27648K)
 Metaspace       used 95168K, committed 96064K, reserved 557056K
  class space    used 13359K, committed 13760K, reserved 425984K
}
Event: 40.111 GC heap after
{Heap after GC invocations=54 (full 0):
 garbage-first heap   total 358400K, used 141591K [0x0000000080000000, 0x0000000100000000)
  region size 1024K, 3 young (3072K), 3 survivors (3072K)
 Metaspace       used 95168K, committed 96064K, reserved 557056K
  class space    used 13359K, committed 13760K, reserved 425984K
}
Event: 44.619 GC heap before
{Heap before GC invocations=54 (full 0):
 garbage-first heap   total 358400K, used 274711K [0x0000000080000000, 0x0000000100000000)
  region size 1024K, 134 young (137216K), 3 survivors (3072K)
 Metaspace       used 98059K, committed 99008K, reserved 557056K
  class space    used 13723K, committed 14144K, reserved 425984K
}
Event: 44.661 GC heap after
{Heap after GC invocations=55 (full 0):
 garbage-first heap   total 358400K, used 151156K [0x0000000080000000, 0x0000000100000000)
  region size 1024K, 12 young (12288K), 12 survivors (12288K)
 Metaspace       used 98059K, committed 99008K, reserved 557056K
  class space    used 13723K, committed 14144K, reserved 425984K
}
Event: 48.343 GC heap before
{Heap before GC invocations=56 (full 0):
 garbage-first heap   total 358400K, used 289396K [0x0000000080000000, 0x0000000100000000)
  region size 1024K, 140 young (143360K), 12 survivors (12288K)
 Metaspace       used 98552K, committed 99520K, reserved 557056K
  class space    used 13783K, committed 14208K, reserved 425984K
}
Event: 48.403 GC heap after
{Heap after GC invocations=57 (full 0):
 garbage-first heap   total 358400K, used 161948K [0x0000000080000000, 0x0000000100000000)
  region size 1024K, 12 young (12288K), 12 survivors (12288K)
 Metaspace       used 98552K, committed 99520K, reserved 557056K
  class space    used 13783K, committed 14208K, reserved 425984K
}
Event: 48.646 GC heap before
{Heap before GC invocations=57 (full 0):
 garbage-first heap   total 358400K, used 167068K [0x0000000080000000, 0x0000000100000000)
  region size 1024K, 17 young (17408K), 12 survivors (12288K)
 Metaspace       used 98576K, committed 99520K, reserved 557056K
  class space    used 13783K, committed 14208K, reserved 425984K
}
Event: 48.674 GC heap after
{Heap after GC invocations=58 (full 0):
 garbage-first heap   total 358400K, used 163496K [0x0000000080000000, 0x0000000100000000)
  region size 1024K, 2 young (2048K), 2 survivors (2048K)
 Metaspace       used 98576K, committed 99520K, reserved 557056K
  class space    used 13783K, committed 14208K, reserved 425984K
}
Event: 48.678 GC heap before
{Heap before GC invocations=58 (full 0):
 garbage-first heap   total 358400K, used 163496K [0x0000000080000000, 0x0000000100000000)
  region size 1024K, 3 young (3072K), 2 survivors (2048K)
 Metaspace       used 98577K, committed 99520K, reserved 557056K
  class space    used 13783K, committed 14208K, reserved 425984K
}
Event: 48.684 GC heap after
{Heap after GC invocations=59 (full 0):
 garbage-first heap   total 358400K, used 162081K [0x0000000080000000, 0x0000000100000000)
  region size 1024K, 1 young (1024K), 1 survivors (1024K)
 Metaspace       used 98577K, committed 99520K, reserved 557056K
  class space    used 13783K, committed 14208K, reserved 425984K
}

