# JRE version: OpenJDK Runtime Environment Microsoft-8035246 (17.0.8+7) (build 17.0.8+7-LTS)
# Java VM: OpenJDK 64-Bit Server VM Microsoft-8035246 (17.0.8+7-LTS, mixed mode, sharing, tiered, compressed oops, compressed class ptrs, g1 gc, windows-amd64)
GC Precious Log:
 CPUs: 16 total, 16 available
 Memory: 16052M
 Large Page Support: Disabled
 NUMA Support: Disabled
 Compressed Oops: Enabled (32-bit)
 Heap Region Size: 1M
 Heap Min Capacity: 8M
 Heap Initial Capacity: 252M
 Heap Max Capacity: 2G
 Pre-touch: Disabled
 Parallel Workers: 13
 Concurrent Workers: 3
 Concurrent Refinement Workers: 13
 Periodic GC: Disabled
Heap:
 garbage-first heap   total 231424K, used 198338K [0x0000000080000000, 0x0000000100000000)
  region size 1024K, 22 young (22528K), 3 survivors (3072K)
 Metaspace       used 104194K, committed 105408K, reserved 557056K
  class space    used 14418K, committed 14976K, reserved 425984K
GC Heap History (20 events):
Event: 29.115 GC heap before
{Heap before GC invocations=51 (full 0):
 garbage-first heap   total 231424K, used 190002K [0x0000000080000000, 0x0000000100000000)
  region size 1024K, 41 young (41984K), 5 survivors (5120K)
 Metaspace       used 99210K, committed 100288K, reserved 557056K
  class space    used 13787K, committed 14272K, reserved 425984K
}
Event: 29.124 GC heap after
{Heap after GC invocations=52 (full 0):
 garbage-first heap   total 231424K, used 156910K [0x0000000080000000, 0x0000000100000000)
  region size 1024K, 5 young (5120K), 5 survivors (5120K)
 Metaspace       used 99210K, committed 100288K, reserved 557056K
  class space    used 13787K, committed 14272K, reserved 425984K
}
Event: 29.629 GC heap before
{Heap before GC invocations=52 (full 0):
 garbage-first heap   total 231424K, used 190702K [0x0000000080000000, 0x0000000100000000)
  region size 1024K, 38 young (38912K), 5 survivors (5120K)
 Metaspace       used 99819K, committed 100864K, reserved 557056K
  class space    used 13848K, committed 14336K, reserved 425984K
}
Event: 29.637 GC heap after
{Heap after GC invocations=53 (full 0):
 garbage-first heap   total 231424K, used 160313K [0x0000000080000000, 0x0000000100000000)
  region size 1024K, 4 young (4096K), 4 survivors (4096K)
 Metaspace       used 99819K, committed 100864K, reserved 557056K
  class space    used 13848K, committed 14336K, reserved 425984K
}
Event: 30.041 GC heap before
{Heap before GC invocations=53 (full 0):
 garbage-first heap   total 231424K, used 193081K [0x0000000080000000, 0x0000000100000000)
  region size 1024K, 36 young (36864K), 4 survivors (4096K)
 Metaspace       used 99999K, committed 101120K, reserved 557056K
  class space    used 13848K, committed 14336K, reserved 425984K
}
Event: 30.048 GC heap after
{Heap after GC invocations=54 (full 0):
 garbage-first heap   total 231424K, used 163669K [0x0000000080000000, 0x0000000100000000)
  region size 1024K, 4 young (4096K), 4 survivors (4096K)
 Metaspace       used 99999K, committed 101120K, reserved 557056K
  class space    used 13848K, committed 14336K, reserved 425984K
}
Event: 30.485 GC heap before
{Heap before GC invocations=54 (full 0):
 garbage-first heap   total 231424K, used 195413K [0x0000000080000000, 0x0000000100000000)
  region size 1024K, 35 young (35840K), 4 survivors (4096K)
 Metaspace       used 100532K, committed 101696K, reserved 557056K
  class space    used 13915K, committed 14464K, reserved 425984K
}
Event: 30.491 GC heap after
{Heap after GC invocations=55 (full 0):
 garbage-first heap   total 231424K, used 167434K [0x0000000080000000, 0x0000000100000000)
  region size 1024K, 5 young (5120K), 5 survivors (5120K)
 Metaspace       used 100532K, committed 101696K, reserved 557056K
  class space    used 13915K, committed 14464K, reserved 425984K
}
Event: 31.221 GC heap before
{Heap before GC invocations=55 (full 0):
 garbage-first heap   total 231424K, used 199178K [0x0000000080000000, 0x0000000100000000)
  region size 1024K, 32 young (32768K), 5 survivors (5120K)
 Metaspace       used 102802K, committed 103936K, reserved 557056K
  class space    used 14191K, committed 14720K, reserved 425984K
}
Event: 31.227 GC heap after
{Heap after GC invocations=56 (full 0):
 garbage-first heap   total 231424K, used 171430K [0x0000000080000000, 0x0000000100000000)
  region size 1024K, 4 young (4096K), 4 survivors (4096K)
 Metaspace       used 102802K, committed 103936K, reserved 557056K
  class space    used 14191K, committed 14720K, reserved 425984K
}
Event: 31.563 GC heap before
{Heap before GC invocations=56 (full 0):
 garbage-first heap   total 231424K, used 196006K [0x0000000080000000, 0x0000000100000000)
  region size 1024K, 29 young (29696K), 4 survivors (4096K)
 Metaspace       used 103400K, committed 104512K, reserved 557056K
  class space    used 14318K, committed 14848K, reserved 425984K
}
Event: 31.566 GC heap after
{Heap after GC invocations=57 (full 0):
 garbage-first heap   total 231424K, used 172714K [0x0000000080000000, 0x0000000100000000)
  region size 1024K, 2 young (2048K), 2 survivors (2048K)
 Metaspace       used 103400K, committed 104512K, reserved 557056K
  class space    used 14318K, committed 14848K, reserved 425984K
}
Event: 31.952 GC heap before
{Heap before GC invocations=57 (full 0):
 garbage-first heap   total 231424K, used 197290K [0x0000000080000000, 0x0000000100000000)
  region size 1024K, 26 young (26624K), 2 survivors (2048K)
 Metaspace       used 103511K, committed 104704K, reserved 557056K
  class space    used 14318K, committed 14848K, reserved 425984K
}
Event: 31.955 GC heap after
{Heap after GC invocations=58 (full 0):
 garbage-first heap   total 231424K, used 173265K [0x0000000080000000, 0x0000000100000000)
  region size 1024K, 2 young (2048K), 2 survivors (2048K)
 Metaspace       used 103511K, committed 104704K, reserved 557056K
  class space    used 14318K, committed 14848K, reserved 425984K
}
Event: 32.317 GC heap before
{Heap before GC invocations=58 (full 0):
 garbage-first heap   total 231424K, used 197841K [0x0000000080000000, 0x0000000100000000)
  region size 1024K, 27 young (27648K), 2 survivors (2048K)
 Metaspace       used 104085K, committed 105280K, reserved 557056K
  class space    used 14417K, committed 14976K, reserved 425984K
}
Event: 32.323 GC heap after
{Heap after GC invocations=59 (full 0):
 garbage-first heap   total 231424K, used 177336K [0x0000000080000000, 0x0000000100000000)
  region size 1024K, 4 young (4096K), 4 survivors (4096K)
 Metaspace       used 104085K, committed 105280K, reserved 557056K
  class space    used 14417K, committed 14976K, reserved 425984K
}
Event: 32.531 GC heap before
{Heap before GC invocations=59 (full 0):
 garbage-first heap   total 231424K, used 197816K [0x0000000080000000, 0x0000000100000000)
  region size 1024K, 25 young (25600K), 4 survivors (4096K)
 Metaspace       used 104176K, committed 105408K, reserved 557056K
  class space    used 14417K, committed 14976K, reserved 425984K
}
Event: 32.535 GC heap after
{Heap after GC invocations=60 (full 0):
 garbage-first heap   total 231424K, used 179071K [0x0000000080000000, 0x0000000100000000)
  region size 1024K, 2 young (2048K), 2 survivors (2048K)
 Metaspace       used 104176K, committed 105408K, reserved 557056K
  class space    used 14417K, committed 14976K, reserved 425984K
}
Event: 32.709 GC heap before
{Heap before GC invocations=60 (full 0):
 garbage-first heap   total 231424K, used 199551K [0x0000000080000000, 0x0000000100000000)
  region size 1024K, 22 young (22528K), 2 survivors (2048K)
 Metaspace       used 104176K, committed 105408K, reserved 557056K
  class space    used 14418K, committed 14976K, reserved 425984K
}
Event: 32.711 GC heap after
{Heap after GC invocations=61 (full 0):
 garbage-first heap   total 231424K, used 179906K [0x0000000080000000, 0x0000000100000000)
  region size 1024K, 3 young (3072K), 3 survivors (3072K)
 Metaspace       used 104176K, committed 105408K, reserved 557056K
  class space    used 14418K, committed 14976K, reserved 425984K
}

