# JRE version: OpenJDK Runtime Environment Microsoft-8035246 (17.0.8+7) (build 17.0.8+7-LTS)
# Java VM: OpenJDK 64-Bit Server VM Microsoft-8035246 (17.0.8+7-LTS, mixed mode, sharing, tiered, compressed oops, compressed class ptrs, g1 gc, windows-amd64)
GC Precious Log:
 CPUs: 16 total, 16 available
 Memory: 16052M
 Large Page Support: Disabled
 NUMA Support: Disabled
 Compressed Oops: Enabled (32-bit)
 Heap Region Size: 1M
 Heap Min Capacity: 8M
 Heap Initial Capacity: 252M
 Heap Max Capacity: 2G
 Pre-touch: Disabled
 Parallel Workers: 13
 Concurrent Workers: 3
 Concurrent Refinement Workers: 13
 Periodic GC: Disabled
Heap:
 garbage-first heap   total 283648K, used 234963K [0x0000000080000000, 0x0000000100000000)
  region size 1024K, 30 young (30720K), 4 survivors (4096K)
 Metaspace       used 116574K, committed 117888K, reserved 557056K
  class space    used 15796K, committed 16384K, reserved 425984K
GC Heap History (20 events):
Event: 23.850 GC heap before
{Heap before GC invocations=51 (full 0):
 garbage-first heap   total 283648K, used 250101K [0x0000000080000000, 0x0000000100000000)
  region size 1024K, 58 young (59392K), 5 survivors (5120K)
 Metaspace       used 104438K, committed 105600K, reserved 557056K
  class space    used 14493K, committed 15040K, reserved 425984K
}
Event: 23.855 GC heap after
{Heap after GC invocations=52 (full 0):
 garbage-first heap   total 283648K, used 189469K [0x0000000080000000, 0x0000000100000000)
  region size 1024K, 5 young (5120K), 5 survivors (5120K)
 Metaspace       used 104438K, committed 105600K, reserved 557056K
  class space    used 14493K, committed 15040K, reserved 425984K
}
Event: 24.191 GC heap before
{Heap before GC invocations=52 (full 0):
 garbage-first heap   total 283648K, used 242717K [0x0000000080000000, 0x0000000100000000)
  region size 1024K, 54 young (55296K), 5 survivors (5120K)
 Metaspace       used 104592K, committed 105856K, reserved 557056K
  class space    used 14507K, committed 15104K, reserved 425984K
}
Event: 24.195 GC heap after
{Heap after GC invocations=53 (full 0):
 garbage-first heap   total 283648K, used 193093K [0x0000000080000000, 0x0000000100000000)
  region size 1024K, 4 young (4096K), 4 survivors (4096K)
 Metaspace       used 104592K, committed 105856K, reserved 557056K
  class space    used 14507K, committed 15104K, reserved 425984K
}
Event: 24.597 GC heap before
{Heap before GC invocations=53 (full 0):
 garbage-first heap   total 283648K, used 245317K [0x0000000080000000, 0x0000000100000000)
  region size 1024K, 52 young (53248K), 4 survivors (4096K)
 Metaspace       used 104814K, committed 106048K, reserved 557056K
  class space    used 14541K, committed 15104K, reserved 425984K
}
Event: 24.601 GC heap after
{Heap after GC invocations=54 (full 0):
 garbage-first heap   total 283648K, used 196223K [0x0000000080000000, 0x0000000100000000)
  region size 1024K, 7 young (7168K), 7 survivors (7168K)
 Metaspace       used 104814K, committed 106048K, reserved 557056K
  class space    used 14541K, committed 15104K, reserved 425984K
}
Event: 24.816 GC heap before
{Heap before GC invocations=54 (full 0):
 garbage-first heap   total 283648K, used 246399K [0x0000000080000000, 0x0000000100000000)
  region size 1024K, 53 young (54272K), 7 survivors (7168K)
 Metaspace       used 104916K, committed 106176K, reserved 557056K
  class space    used 14549K, committed 15104K, reserved 425984K
}
Event: 24.821 GC heap after
{Heap after GC invocations=55 (full 0):
 garbage-first heap   total 283648K, used 199045K [0x0000000080000000, 0x0000000100000000)
  region size 1024K, 7 young (7168K), 7 survivors (7168K)
 Metaspace       used 104916K, committed 106176K, reserved 557056K
  class space    used 14549K, committed 15104K, reserved 425984K
}
Event: 25.011 GC heap before
{Heap before GC invocations=55 (full 0):
 garbage-first heap   total 283648K, used 246149K [0x0000000080000000, 0x0000000100000000)
  region size 1024K, 50 young (51200K), 7 survivors (7168K)
 Metaspace       used 104930K, committed 106176K, reserved 557056K
  class space    used 14550K, committed 15104K, reserved 425984K
}
Event: 25.015 GC heap after
{Heap after GC invocations=56 (full 0):
 garbage-first heap   total 283648K, used 201326K [0x0000000080000000, 0x0000000100000000)
  region size 1024K, 6 young (6144K), 6 survivors (6144K)
 Metaspace       used 104930K, committed 106176K, reserved 557056K
  class space    used 14550K, committed 15104K, reserved 425984K
}
Event: 25.261 GC heap before
{Heap before GC invocations=56 (full 0):
 garbage-first heap   total 283648K, used 247406K [0x0000000080000000, 0x0000000100000000)
  region size 1024K, 48 young (49152K), 6 survivors (6144K)
 Metaspace       used 104970K, committed 106304K, reserved 557056K
  class space    used 14555K, committed 15168K, reserved 425984K
}
Event: 25.265 GC heap after
{Heap after GC invocations=57 (full 0):
 garbage-first heap   total 283648K, used 203930K [0x0000000080000000, 0x0000000100000000)
  region size 1024K, 5 young (5120K), 5 survivors (5120K)
 Metaspace       used 104970K, committed 106304K, reserved 557056K
  class space    used 14555K, committed 15168K, reserved 425984K
}
Event: 32.291 GC heap before
{Heap before GC invocations=57 (full 0):
 garbage-first heap   total 283648K, used 244890K [0x0000000080000000, 0x0000000100000000)
  region size 1024K, 46 young (47104K), 5 survivors (5120K)
 Metaspace       used 107553K, committed 108864K, reserved 557056K
  class space    used 14871K, committed 15488K, reserved 425984K
}
Event: 32.296 GC heap after
{Heap after GC invocations=58 (full 0):
 garbage-first heap   total 283648K, used 207357K [0x0000000080000000, 0x0000000100000000)
  region size 1024K, 6 young (6144K), 6 survivors (6144K)
 Metaspace       used 107553K, committed 108864K, reserved 557056K
  class space    used 14871K, committed 15488K, reserved 425984K
}
Event: 487.516 GC heap before
{Heap before GC invocations=58 (full 0):
 garbage-first heap   total 283648K, used 245245K [0x0000000080000000, 0x0000000100000000)
  region size 1024K, 44 young (45056K), 6 survivors (6144K)
 Metaspace       used 110936K, committed 112256K, reserved 557056K
  class space    used 15130K, committed 15744K, reserved 425984K
}
Event: 487.523 GC heap after
{Heap after GC invocations=59 (full 0):
 garbage-first heap   total 283648K, used 207201K [0x0000000080000000, 0x0000000100000000)
  region size 1024K, 1 young (1024K), 1 survivors (1024K)
 Metaspace       used 110936K, committed 112256K, reserved 557056K
  class space    used 15130K, committed 15744K, reserved 425984K
}
Event: 2460.517 GC heap before
{Heap before GC invocations=59 (full 0):
 garbage-first heap   total 283648K, used 247137K [0x0000000080000000, 0x0000000100000000)
  region size 1024K, 40 young (40960K), 1 survivors (1024K)
 Metaspace       used 111084K, committed 112448K, reserved 557056K
  class space    used 15130K, committed 15744K, reserved 425984K
}
Event: 2460.523 GC heap after
{Heap after GC invocations=60 (full 0):
 garbage-first heap   total 283648K, used 207379K [0x0000000080000000, 0x0000000100000000)
  region size 1024K, 1 young (1024K), 1 survivors (1024K)
 Metaspace       used 111084K, committed 112448K, reserved 557056K
  class space    used 15130K, committed 15744K, reserved 425984K
}
Event: 3413.230 GC heap before
{Heap before GC invocations=60 (full 0):
 garbage-first heap   total 283648K, used 247315K [0x0000000080000000, 0x0000000100000000)
  region size 1024K, 41 young (41984K), 1 survivors (1024K)
 Metaspace       used 113947K, committed 115264K, reserved 557056K
  class space    used 15458K, committed 16064K, reserved 425984K
}
Event: 3413.237 GC heap after
{Heap after GC invocations=61 (full 0):
 garbage-first heap   total 283648K, used 210387K [0x0000000080000000, 0x0000000100000000)
  region size 1024K, 4 young (4096K), 4 survivors (4096K)
 Metaspace       used 113947K, committed 115264K, reserved 557056K
  class space    used 15458K, committed 16064K, reserved 425984K
}

