# JRE version: OpenJDK Runtime Environment Microsoft-8035246 (17.0.8+7) (build 17.0.8+7-LTS)
# Java VM: OpenJDK 64-Bit Server VM Microsoft-8035246 (17.0.8+7-LTS, mixed mode, sharing, tiered, compressed oops, compressed class ptrs, g1 gc, windows-amd64)
GC Precious Log:
 CPUs: 8 total, 8 available
 Memory: 7975M
 Large Page Support: Disabled
 NUMA Support: Disabled
 Compressed Oops: Enabled (32-bit)
 Heap Region Size: 1M
 Heap Min Capacity: 8M
 Heap Initial Capacity: 126M
 Heap Max Capacity: 2G
 Pre-touch: Disabled
 Parallel Workers: 8
 Concurrent Workers: 2
 Concurrent Refinement Workers: 8
 Periodic GC: Disabled
Heap:
 garbage-first heap   total 258048K, used 173761K [0x0000000080000000, 0x0000000100000000)
  region size 1024K, 14 young (14336K), 4 survivors (4096K)
 Metaspace       used 106512K, committed 107520K, reserved 557056K
  class space    used 14750K, committed 15232K, reserved 425984K
GC Heap History (20 events):
Event: 37.654 GC heap before
{Heap before GC invocations=41 (full 0):
 garbage-first heap   total 215040K, used 137280K [0x0000000080000000, 0x0000000100000000)
  region size 1024K, 10 young (10240K), 3 survivors (3072K)
 Metaspace       used 97042K, committed 97920K, reserved 557056K
  class space    used 13458K, committed 13824K, reserved 425984K
}
Event: 37.667 GC heap after
{Heap after GC invocations=42 (full 0):
 garbage-first heap   total 215040K, used 131963K [0x0000000080000000, 0x0000000100000000)
  region size 1024K, 2 young (2048K), 2 survivors (2048K)
 Metaspace       used 97042K, committed 97920K, reserved 557056K
  class space    used 13458K, committed 13824K, reserved 425984K
}
Event: 38.562 GC heap before
{Heap before GC invocations=42 (full 0):
 garbage-first heap   total 215040K, used 167803K [0x0000000080000000, 0x0000000100000000)
  region size 1024K, 37 young (37888K), 2 survivors (2048K)
 Metaspace       used 97929K, committed 98816K, reserved 557056K
  class space    used 13571K, committed 13952K, reserved 425984K
}
Event: 38.571 GC heap after
{Heap after GC invocations=43 (full 0):
 garbage-first heap   total 215040K, used 140377K [0x0000000080000000, 0x0000000100000000)
  region size 1024K, 5 young (5120K), 5 survivors (5120K)
 Metaspace       used 97929K, committed 98816K, reserved 557056K
  class space    used 13571K, committed 13952K, reserved 425984K
}
Event: 39.133 GC heap before
{Heap before GC invocations=43 (full 0):
 garbage-first heap   total 215040K, used 172121K [0x0000000080000000, 0x0000000100000000)
  region size 1024K, 36 young (36864K), 5 survivors (5120K)
 Metaspace       used 100391K, committed 101248K, reserved 557056K
  class space    used 13969K, committed 14336K, reserved 425984K
}
Event: 39.140 GC heap after
{Heap after GC invocations=44 (full 0):
 garbage-first heap   total 215040K, used 142336K [0x0000000080000000, 0x0000000100000000)
  region size 1024K, 2 young (2048K), 2 survivors (2048K)
 Metaspace       used 100391K, committed 101248K, reserved 557056K
  class space    used 13969K, committed 14336K, reserved 425984K
}
Event: 40.115 GC heap before
{Heap before GC invocations=44 (full 0):
 garbage-first heap   total 215040K, used 175104K [0x0000000080000000, 0x0000000100000000)
  region size 1024K, 34 young (34816K), 2 survivors (2048K)
 Metaspace       used 102433K, committed 103360K, reserved 557056K
  class space    used 14226K, committed 14656K, reserved 425984K
}
Event: 40.122 GC heap after
{Heap after GC invocations=45 (full 0):
 garbage-first heap   total 215040K, used 145385K [0x0000000080000000, 0x0000000100000000)
  region size 1024K, 5 young (5120K), 5 survivors (5120K)
 Metaspace       used 102433K, committed 103360K, reserved 557056K
  class space    used 14226K, committed 14656K, reserved 425984K
}
Event: 40.598 GC heap before
{Heap before GC invocations=45 (full 0):
 garbage-first heap   total 215040K, used 177129K [0x0000000080000000, 0x0000000100000000)
  region size 1024K, 36 young (36864K), 5 survivors (5120K)
 Metaspace       used 103965K, committed 104896K, reserved 557056K
  class space    used 14416K, committed 14848K, reserved 425984K
}
Event: 40.606 GC heap after
{Heap after GC invocations=46 (full 0):
 garbage-first heap   total 215040K, used 148072K [0x0000000080000000, 0x0000000100000000)
  region size 1024K, 4 young (4096K), 4 survivors (4096K)
 Metaspace       used 103965K, committed 104896K, reserved 557056K
  class space    used 14416K, committed 14848K, reserved 425984K
}
Event: 41.118 GC heap before
{Heap before GC invocations=46 (full 0):
 garbage-first heap   total 215040K, used 178792K [0x0000000080000000, 0x0000000100000000)
  region size 1024K, 34 young (34816K), 4 survivors (4096K)
 Metaspace       used 104670K, committed 105664K, reserved 557056K
  class space    used 14495K, committed 14912K, reserved 425984K
}
Event: 41.127 GC heap after
{Heap after GC invocations=47 (full 0):
 garbage-first heap   total 215040K, used 150983K [0x0000000080000000, 0x0000000100000000)
  region size 1024K, 4 young (4096K), 4 survivors (4096K)
 Metaspace       used 104670K, committed 105664K, reserved 557056K
  class space    used 14495K, committed 14912K, reserved 425984K
}
Event: 41.582 GC heap before
{Heap before GC invocations=47 (full 0):
 garbage-first heap   total 215040K, used 180679K [0x0000000080000000, 0x0000000100000000)
  region size 1024K, 33 young (33792K), 4 survivors (4096K)
 Metaspace       used 105041K, committed 105984K, reserved 557056K
  class space    used 14532K, committed 14976K, reserved 425984K
}
Event: 41.591 GC heap after
{Heap after GC invocations=48 (full 0):
 garbage-first heap   total 215040K, used 154002K [0x0000000080000000, 0x0000000100000000)
  region size 1024K, 4 young (4096K), 4 survivors (4096K)
 Metaspace       used 105041K, committed 105984K, reserved 557056K
  class space    used 14532K, committed 14976K, reserved 425984K
}
Event: 42.066 GC heap before
{Heap before GC invocations=48 (full 0):
 garbage-first heap   total 215040K, used 180626K [0x0000000080000000, 0x0000000100000000)
  region size 1024K, 31 young (31744K), 4 survivors (4096K)
 Metaspace       used 105877K, committed 106944K, reserved 557056K
  class space    used 14698K, committed 15168K, reserved 425984K
}
Event: 42.074 GC heap after
{Heap after GC invocations=49 (full 0):
 garbage-first heap   total 258048K, used 156921K [0x0000000080000000, 0x0000000100000000)
  region size 1024K, 3 young (3072K), 3 survivors (3072K)
 Metaspace       used 105877K, committed 106944K, reserved 557056K
  class space    used 14698K, committed 15168K, reserved 425984K
}
Event: 44.020 GC heap before
{Heap before GC invocations=49 (full 0):
 garbage-first heap   total 258048K, used 212217K [0x0000000080000000, 0x0000000100000000)
  region size 1024K, 57 young (58368K), 3 survivors (3072K)
 Metaspace       used 106435K, committed 107456K, reserved 557056K
  class space    used 14750K, committed 15232K, reserved 425984K
}
Event: 44.032 GC heap after
{Heap after GC invocations=50 (full 0):
 garbage-first heap   total 258048K, used 160963K [0x0000000080000000, 0x0000000100000000)
  region size 1024K, 7 young (7168K), 7 survivors (7168K)
 Metaspace       used 106435K, committed 107456K, reserved 557056K
  class space    used 14750K, committed 15232K, reserved 425984K
}
Event: 44.854 GC heap before
{Heap before GC invocations=50 (full 0):
 garbage-first heap   total 258048K, used 212163K [0x0000000080000000, 0x0000000100000000)
  region size 1024K, 58 young (59392K), 7 survivors (7168K)
 Metaspace       used 106512K, committed 107520K, reserved 557056K
  class space    used 14750K, committed 15232K, reserved 425984K
}
Event: 44.876 GC heap after
{Heap after GC invocations=51 (full 0):
 garbage-first heap   total 258048K, used 164545K [0x0000000080000000, 0x0000000100000000)
  region size 1024K, 4 young (4096K), 4 survivors (4096K)
 Metaspace       used 106512K, committed 107520K, reserved 557056K
  class space    used 14750K, committed 15232K, reserved 425984K
}

